Determining if the pthread_create exist failed with the following output:
Change Dir: /home/hoquangnam/Documents/CuocDuaSo/test_streaming_ros/build/CMakeFiles/CMakeTmp

Run Build Command:"/usr/bin/make" "cmTC_ad65b/fast"
/usr/bin/make -f CMakeFiles/cmTC_ad65b.dir/build.make CMakeFiles/cmTC_ad65b.dir/build
make[1]: Entering directory '/home/hoquangnam/Documents/CuocDuaSo/test_streaming_ros/build/CMakeFiles/CMakeTmp'
Building C object CMakeFiles/cmTC_ad65b.dir/CheckSymbolExists.c.o
/usr/bin/cc    -o CMakeFiles/cmTC_ad65b.dir/CheckSymbolExists.c.o   -c /home/hoquangnam/Documents/CuocDuaSo/test_streaming_ros/build/CMakeFiles/CMakeTmp/CheckSymbolExists.c
Linking C executable cmTC_ad65b
/usr/bin/cmake -E cmake_link_script CMakeFiles/cmTC_ad65b.dir/link.txt --verbose=1
/usr/bin/cc      -rdynamic CMakeFiles/cmTC_ad65b.dir/CheckSymbolExists.c.o  -o cmTC_ad65b 
CMakeFiles/cmTC_ad65b.dir/CheckSymbolExists.c.o: In function `main':
CheckSymbolExists.c:(.text+0x1b): undefined reference to `pthread_create'
collect2: error: ld returned 1 exit status
CMakeFiles/cmTC_ad65b.dir/build.make:97: recipe for target 'cmTC_ad65b' failed
make[1]: *** [cmTC_ad65b] Error 1
make[1]: Leaving directory '/home/hoquangnam/Documents/CuocDuaSo/test_streaming_ros/build/CMakeFiles/CMakeTmp'
Makefile:126: recipe for target 'cmTC_ad65b/fast' failed
make: *** [cmTC_ad65b/fast] Error 2

File /home/hoquangnam/Documents/CuocDuaSo/test_streaming_ros/build/CMakeFiles/CMakeTmp/CheckSymbolExists.c:
/* */
#include <pthread.h>

int main(int argc, char** argv)
{
  (void)argv;
#ifndef pthread_create
  return ((int*)(&pthread_create))[argc];
#else
  (void)argc;
  return 0;
#endif
}

Determining if the function pthread_create exists in the pthreads failed with the following output:
Change Dir: /home/hoquangnam/Documents/CuocDuaSo/test_streaming_ros/build/CMakeFiles/CMakeTmp

Run Build Command:"/usr/bin/make" "cmTC_6b27d/fast"
/usr/bin/make -f CMakeFiles/cmTC_6b27d.dir/build.make CMakeFiles/cmTC_6b27d.dir/build
make[1]: Entering directory '/home/hoquangnam/Documents/CuocDuaSo/test_streaming_ros/build/CMakeFiles/CMakeTmp'
Building C object CMakeFiles/cmTC_6b27d.dir/CheckFunctionExists.c.o
/usr/bin/cc   -DCHECK_FUNCTION_EXISTS=pthread_create   -o CMakeFiles/cmTC_6b27d.dir/CheckFunctionExists.c.o   -c /usr/share/cmake-3.10/Modules/CheckFunctionExists.c
Linking C executable cmTC_6b27d
/usr/bin/cmake -E cmake_link_script CMakeFiles/cmTC_6b27d.dir/link.txt --verbose=1
/usr/bin/cc  -DCHECK_FUNCTION_EXISTS=pthread_create    -rdynamic CMakeFiles/cmTC_6b27d.dir/CheckFunctionExists.c.o  -o cmTC_6b27d -lpthreads 
/usr/bin/ld: cannot find -lpthreads
collect2: error: ld returned 1 exit status
CMakeFiles/cmTC_6b27d.dir/build.make:97: recipe for target 'cmTC_6b27d' failed
make[1]: *** [cmTC_6b27d] Error 1
make[1]: Leaving directory '/home/hoquangnam/Documents/CuocDuaSo/test_streaming_ros/build/CMakeFiles/CMakeTmp'
Makefile:126: recipe for target 'cmTC_6b27d/fast' failed
make: *** [cmTC_6b27d/fast] Error 2


